<?xml version="1.0" encoding="UTF-8"?>
<coverage generated="1712437920603" clover="3.2.0">
  <project timestamp="1712437920603" name="All files">
    <metrics statements="34" coveredstatements="32" conditionals="6" coveredconditionals="4" methods="13" coveredmethods="12" elements="53" coveredelements="48" complexity="0" loc="34" ncloc="34" packages="1" files="2" classes="2"/>
    <file name="Body.js" path="C:\Users\thaku\Downloads\Dev\My Coding World\Namaste-React\src\components\Body.js">
      <metrics statements="27" coveredstatements="25" conditionals="6" coveredconditionals="4" methods="10" coveredmethods="9"/>
      <line num="9" count="2" type="stmt"/>
      <line num="10" count="7" type="stmt"/>
      <line num="11" count="7" type="stmt"/>
      <line num="12" count="7" type="stmt"/>
      <line num="14" count="7" type="stmt"/>
      <line num="16" count="7" type="stmt"/>
      <line num="17" count="2" type="stmt"/>
      <line num="20" count="7" type="stmt"/>
      <line num="21" count="2" type="stmt"/>
      <line num="22" count="2" type="stmt"/>
      <line num="23" count="2" type="stmt"/>
      <line num="26" count="2" type="stmt"/>
      <line num="31" count="7" type="stmt"/>
      <line num="33" count="7" type="cond" truecount="1" falsecount="1"/>
      <line num="34" count="0" type="stmt"/>
      <line num="36" count="7" type="stmt"/>
      <line num="38" count="7" type="cond" truecount="2" falsecount="0"/>
      <line num="50" count="1" type="stmt"/>
      <line num="56" count="1" type="stmt"/>
      <line num="57" count="9" type="stmt"/>
      <line num="59" count="1" type="stmt"/>
      <line num="69" count="1" type="stmt"/>
      <line num="70" count="9" type="stmt"/>
      <line num="72" count="1" type="stmt"/>
      <line num="73" count="1" type="stmt"/>
      <line num="84" count="0" type="stmt"/>
      <line num="90" count="35" type="stmt"/>
    </file>
    <file name="RestaurantCard.js" path="C:\Users\thaku\Downloads\Dev\My Coding World\Namaste-React\src\components\RestaurantCard.js">
      <metrics statements="7" coveredstatements="7" conditionals="0" coveredconditionals="0" methods="3" coveredmethods="3"/>
      <line num="2" count="3" type="stmt"/>
      <line num="3" count="37" type="stmt"/>
      <line num="5" count="37" type="stmt"/>
      <line num="7" count="37" type="stmt"/>
      <line num="30" count="3" type="stmt"/>
      <line num="31" count="8" type="stmt"/>
      <line num="32" count="1" type="stmt"/>
    </file>
  </project>
</coverage>
