{"C:\\Users\\thaku\\Downloads\\Dev\\My Coding World\\Namaste-React\\src\\components\\Body.js": {"path":"C:\\Users\\thaku\\Downloads\\Dev\\My Coding World\\Namaste-React\\src\\components\\Body.js","statementMap":{"0":{"start":{"line":9,"column":13},"end":{"line":104,"column":1}},"1":{"start":{"line":10,"column":52},"end":{"line":10,"column":64}},"2":{"start":{"line":11,"column":55},"end":{"line":11,"column":67}},"3":{"start":{"line":12,"column":38},"end":{"line":12,"column":50}},"4":{"start":{"line":14,"column":33},"end":{"line":14,"column":66}},"5":{"start":{"line":16,"column":2},"end":{"line":18,"column":9}},"6":{"start":{"line":17,"column":4},"end":{"line":17,"column":16}},"7":{"start":{"line":20,"column":20},"end":{"line":29,"column":3}},"8":{"start":{"line":21,"column":17},"end":{"line":21,"column":37}},"9":{"start":{"line":22,"column":17},"end":{"line":22,"column":34}},"10":{"start":{"line":23,"column":4},"end":{"line":25,"column":6}},"11":{"start":{"line":26,"column":4},"end":{"line":28,"column":6}},"12":{"start":{"line":31,"column":23},"end":{"line":31,"column":40}},"13":{"start":{"line":33,"column":2},"end":{"line":34,"column":79}},"14":{"start":{"line":34,"column":4},"end":{"line":34,"column":79}},"15":{"start":{"line":36,"column":40},"end":{"line":36,"column":63}},"16":{"start":{"line":38,"column":2},"end":{"line":103,"column":4}},"17":{"start":{"line":50,"column":14},"end":{"line":50,"column":44}},"18":{"start":{"line":56,"column":41},"end":{"line":58,"column":15}},"19":{"start":{"line":57,"column":16},"end":{"line":57,"column":78}},"20":{"start":{"line":59,"column":14},"end":{"line":59,"column":57}},"21":{"start":{"line":69,"column":35},"end":{"line":71,"column":15}},"22":{"start":{"line":70,"column":25},"end":{"line":70,"column":50}},"23":{"start":{"line":72,"column":14},"end":{"line":72,"column":40}},"24":{"start":{"line":73,"column":14},"end":{"line":73,"column":51}},"25":{"start":{"line":84,"column":29},"end":{"line":84,"column":56}},"26":{"start":{"line":90,"column":10},"end":{"line":99,"column":17}}},"fnMap":{"0":{"name":"(anonymous_0)","decl":{"start":{"line":9,"column":13},"end":{"line":9,"column":14}},"loc":{"start":{"line":9,"column":19},"end":{"line":104,"column":1}},"line":9},"1":{"name":"(anonymous_1)","decl":{"start":{"line":16,"column":12},"end":{"line":16,"column":13}},"loc":{"start":{"line":16,"column":18},"end":{"line":18,"column":3}},"line":16},"2":{"name":"(anonymous_2)","decl":{"start":{"line":20,"column":20},"end":{"line":20,"column":21}},"loc":{"start":{"line":20,"column":32},"end":{"line":29,"column":3}},"line":20},"3":{"name":"(anonymous_3)","decl":{"start":{"line":49,"column":22},"end":{"line":49,"column":23}},"loc":{"start":{"line":49,"column":29},"end":{"line":51,"column":13}},"line":49},"4":{"name":"(anonymous_4)","decl":{"start":{"line":55,"column":21},"end":{"line":55,"column":22}},"loc":{"start":{"line":55,"column":27},"end":{"line":60,"column":13}},"line":55},"5":{"name":"(anonymous_5)","decl":{"start":{"line":56,"column":66},"end":{"line":56,"column":67}},"loc":{"start":{"line":57,"column":16},"end":{"line":57,"column":78}},"line":57},"6":{"name":"(anonymous_6)","decl":{"start":{"line":68,"column":21},"end":{"line":68,"column":22}},"loc":{"start":{"line":68,"column":27},"end":{"line":74,"column":13}},"line":68},"7":{"name":"(anonymous_7)","decl":{"start":{"line":70,"column":16},"end":{"line":70,"column":17}},"loc":{"start":{"line":70,"column":25},"end":{"line":70,"column":50}},"line":70},"8":{"name":"(anonymous_8)","decl":{"start":{"line":84,"column":22},"end":{"line":84,"column":23}},"loc":{"start":{"line":84,"column":29},"end":{"line":84,"column":56}},"line":84},"9":{"name":"(anonymous_9)","decl":{"start":{"line":89,"column":32},"end":{"line":89,"column":33}},"loc":{"start":{"line":90,"column":10},"end":{"line":99,"column":17}},"line":90}},"branchMap":{"0":{"loc":{"start":{"line":33,"column":2},"end":{"line":34,"column":79}},"type":"if","locations":[{"start":{"line":33,"column":2},"end":{"line":34,"column":79}},{"start":{},"end":{}}],"line":33},"1":{"loc":{"start":{"line":38,"column":9},"end":{"line":103,"column":3}},"type":"cond-expr","locations":[{"start":{"line":39,"column":4},"end":{"line":39,"column":15}},{"start":{"line":41,"column":4},"end":{"line":102,"column":10}}],"line":38},"2":{"loc":{"start":{"line":94,"column":13},"end":{"line":98,"column":13}},"type":"cond-expr","locations":[{"start":{"line":95,"column":14},"end":{"line":95,"column":61}},{"start":{"line":97,"column":14},"end":{"line":97,"column":53}}],"line":94}},"s":{"0":2,"1":7,"2":7,"3":7,"4":7,"5":7,"6":2,"7":7,"8":2,"9":2,"10":2,"11":2,"12":7,"13":7,"14":0,"15":7,"16":7,"17":1,"18":1,"19":9,"20":1,"21":1,"22":9,"23":1,"24":1,"25":0,"26":35},"f":{"0":7,"1":2,"2":2,"3":1,"4":1,"5":9,"6":1,"7":9,"8":0,"9":35},"b":{"0":[0,7],"1":[2,5],"2":[0,35]},"_coverageSchema":"1a1c01bbd47fc00a2c39e90264f33305004495a9","hash":"05c3665e4309e54493de66ea16ac09f8ff5a4503"}
,"C:\\Users\\thaku\\Downloads\\Dev\\My Coding World\\Namaste-React\\src\\components\\RestaurantCard.js": {"path":"C:\\Users\\thaku\\Downloads\\Dev\\My Coding World\\Namaste-React\\src\\components\\RestaurantCard.js","statementMap":{"0":{"start":{"line":2,"column":23},"end":{"line":24,"column":1}},"1":{"start":{"line":3,"column":22},"end":{"line":3,"column":27}},"2":{"start":{"line":5,"column":4},"end":{"line":5,"column":17}},"3":{"start":{"line":7,"column":2},"end":{"line":23,"column":4}},"4":{"start":{"line":30,"column":33},"end":{"line":41,"column":1}},"5":{"start":{"line":31,"column":2},"end":{"line":40,"column":4}},"6":{"start":{"line":32,"column":4},"end":{"line":39,"column":6}}},"fnMap":{"0":{"name":"(anonymous_0)","decl":{"start":{"line":2,"column":23},"end":{"line":2,"column":24}},"loc":{"start":{"line":2,"column":34},"end":{"line":24,"column":1}},"line":2},"1":{"name":"(anonymous_1)","decl":{"start":{"line":30,"column":33},"end":{"line":30,"column":34}},"loc":{"start":{"line":30,"column":53},"end":{"line":41,"column":1}},"line":30},"2":{"name":"(anonymous_2)","decl":{"start":{"line":31,"column":9},"end":{"line":31,"column":10}},"loc":{"start":{"line":31,"column":20},"end":{"line":40,"column":3}},"line":31}},"branchMap":{},"s":{"0":3,"1":37,"2":37,"3":37,"4":3,"5":8,"6":1},"f":{"0":37,"1":8,"2":1},"b":{},"_coverageSchema":"1a1c01bbd47fc00a2c39e90264f33305004495a9","hash":"d2113413bedc0833c5ca5f3de4c9335bf729ad7c"}
}
