TN:
SF:src\components\Body.js
FN:9,(anonymous_0)
FN:16,(anonymous_1)
FN:20,(anonymous_2)
FN:49,(anonymous_3)
FN:55,(anonymous_4)
FN:56,(anonymous_5)
FN:68,(anonymous_6)
FN:70,(anonymous_7)
FN:84,(anonymous_8)
FN:89,(anonymous_9)
FNF:10
FNH:9
FNDA:7,(anonymous_0)
FNDA:2,(anonymous_1)
FNDA:2,(anonymous_2)
FNDA:1,(anonymous_3)
FNDA:1,(anonymous_4)
FNDA:9,(anonymous_5)
FNDA:1,(anonymous_6)
FNDA:9,(anonymous_7)
FNDA:0,(anonymous_8)
FNDA:35,(anonymous_9)
DA:9,2
DA:10,7
DA:11,7
DA:12,7
DA:14,7
DA:16,7
DA:17,2
DA:20,7
DA:21,2
DA:22,2
DA:23,2
DA:26,2
DA:31,7
DA:33,7
DA:34,0
DA:36,7
DA:38,7
DA:50,1
DA:56,1
DA:57,9
DA:59,1
DA:69,1
DA:70,9
DA:72,1
DA:73,1
DA:84,0
DA:90,35
LF:27
LH:25
BRDA:33,0,0,0
BRDA:33,0,1,7
BRDA:38,1,0,2
BRDA:38,1,1,5
BRDA:94,2,0,0
BRDA:94,2,1,35
BRF:6
BRH:4
end_of_record
TN:
SF:src\components\RestaurantCard.js
FN:2,(anonymous_0)
FN:30,(anonymous_1)
FN:31,(anonymous_2)
FNF:3
FNH:3
FNDA:37,(anonymous_0)
FNDA:8,(anonymous_1)
FNDA:1,(anonymous_2)
DA:2,3
DA:3,37
DA:5,37
DA:7,37
DA:30,3
DA:31,8
DA:32,1
LF:7
LH:7
BRF:0
BRH:0
end_of_record
